# JRE version: OpenJDK Runtime Environment GraalVM CE 22.3.0 (17.0.5+8) (build 17.0.5+8-jvmci-22.3-b08)
# Java VM: OpenJDK 64-Bit Server VM GraalVM CE 22.3.0 (17.0.5+8-jvmci-22.3-b08, mixed mode, sharing, tiered, jvmci, jvmci compiler, compressed oops, compressed class ptrs, parallel gc, linux-amd64)
GC Precious Log:
 CPUs: 8 total, 1 available
 Memory: 1024M
 Large Page Support: Disabled
 NUMA Support: Disabled
 Compressed Oops: Enabled (32-bit)
 Alignments: Space 512K, Generation 512K, Heap 2M
 Heap Min Capacity: 100M
 Heap Initial Capacity: 100M
 Heap Max Capacity: 512M
 Pre-touch: Disabled
 Parallel Workers: 1
Heap:
 PSYoungGen      total 28160K, used 16896K [0x00000000f5580000, 0x00000000f7e80000, 0x0000000100000000)
  eden space 16896K, 100% used [0x00000000f5580000,0x00000000f6600000,0x00000000f6600000)
  from space 11264K, 0% used [0x00000000f7380000,0x00000000f7380000,0x00000000f7e80000)
  to   space 7680K, 0% used [0x00000000f6600000,0x00000000f6600000,0x00000000f6d80000)
 ParOldGen       total 349696K, used 349695K [0x00000000e0000000, 0x00000000f5580000, 0x00000000f5580000)
  object space 349696K, 99% used [0x00000000e0000000,0x00000000f557ffe8,0x00000000f5580000)
 Metaspace       used 55077K, committed 56128K, reserved 1105920K
  class space    used 5387K, committed 5824K, reserved 1048576K
GC Heap History (20 events):
Event: 965.996 GC heap before
{Heap before GC invocations=763 (full 657):
 PSYoungGen      total 28160K, used 16896K [0x00000000f5580000, 0x00000000f7e80000, 0x0000000100000000)
  eden space 16896K, 100% used [0x00000000f5580000,0x00000000f6600000,0x00000000f6600000)
  from space 11264K, 0% used [0x00000000f7380000,0x00000000f7380000,0x00000000f7e80000)
  to   space 7680K, 0% used [0x00000000f6600000,0x00000000f6600000,0x00000000f6d80000)
 ParOldGen       total 349696K, used 349695K [0x00000000e0000000, 0x00000000f5580000, 0x00000000f5580000)
  object space 349696K, 99% used [0x00000000e0000000,0x00000000f557ffe8,0x00000000f5580000)
 Metaspace       used 55076K, committed 56128K, reserved 1105920K
  class space    used 5387K, committed 5824K, reserved 1048576K
}
Event: 967.407 GC heap after
{Heap after GC invocations=763 (full 657):
 PSYoungGen      total 24576K, used 16896K [0x00000000f5580000, 0x00000000f7e80000, 0x0000000100000000)
  eden space 16896K, 100% used [0x00000000f5580000,0x00000000f6600000,0x00000000f6600000)
  from space 7680K, 0% used [0x00000000f6600000,0x00000000f6600000,0x00000000f6d80000)
  to   space 11264K, 0% used [0x00000000f7380000,0x00000000f7380000,0x00000000f7e80000)
 ParOldGen       total 349696K, used 349695K [0x00000000e0000000, 0x00000000f5580000, 0x00000000f5580000)
  object space 349696K, 99% used [0x00000000e0000000,0x00000000f557ffc8,0x00000000f5580000)
 Metaspace       used 55076K, committed 56128K, reserved 1105920K
  class space    used 5387K, committed 5824K, reserved 1048576K
}
Event: 967.407 GC heap before
{Heap before GC invocations=764 (full 658):
 PSYoungGen      total 24576K, used 16896K [0x00000000f5580000, 0x00000000f7e80000, 0x0000000100000000)
  eden space 16896K, 100% used [0x00000000f5580000,0x00000000f6600000,0x00000000f6600000)
  from space 7680K, 0% used [0x00000000f6600000,0x00000000f6600000,0x00000000f6d80000)
  to   space 11264K, 0% used [0x00000000f7380000,0x00000000f7380000,0x00000000f7e80000)
 ParOldGen       total 349696K, used 349695K [0x00000000e0000000, 0x00000000f5580000, 0x00000000f5580000)
  object space 349696K, 99% used [0x00000000e0000000,0x00000000f557ffc8,0x00000000f5580000)
 Metaspace       used 55076K, committed 56128K, reserved 1105920K
  class space    used 5387K, committed 5824K, reserved 1048576K
}
Event: 968.895 GC heap after
{Heap after GC invocations=764 (full 658):
 PSYoungGen      total 28160K, used 16896K [0x00000000f5580000, 0x00000000f7e80000, 0x0000000100000000)
  eden space 16896K, 100% used [0x00000000f5580000,0x00000000f6600000,0x00000000f6600000)
  from space 11264K, 0% used [0x00000000f7380000,0x00000000f7380000,0x00000000f7e80000)
  to   space 7680K, 0% used [0x00000000f6600000,0x00000000f6600000,0x00000000f6d80000)
 ParOldGen       total 349696K, used 349695K [0x00000000e0000000, 0x00000000f5580000, 0x00000000f5580000)
  object space 349696K, 99% used [0x00000000e0000000,0x00000000f557ffc8,0x00000000f5580000)
 Metaspace       used 55076K, committed 56128K, reserved 1105920K
  class space    used 5387K, committed 5824K, reserved 1048576K
}
Event: 968.895 GC heap before
{Heap before GC invocations=765 (full 659):
 PSYoungGen      total 28160K, used 16896K [0x00000000f5580000, 0x00000000f7e80000, 0x0000000100000000)
  eden space 16896K, 100% used [0x00000000f5580000,0x00000000f6600000,0x00000000f6600000)
  from space 11264K, 0% used [0x00000000f7380000,0x00000000f7380000,0x00000000f7e80000)
  to   space 7680K, 0% used [0x00000000f6600000,0x00000000f6600000,0x00000000f6d80000)
 ParOldGen       total 349696K, used 349695K [0x00000000e0000000, 0x00000000f5580000, 0x00000000f5580000)
  object space 349696K, 99% used [0x00000000e0000000,0x00000000f557fff8,0x00000000f5580000)
 Metaspace       used 55076K, committed 56128K, reserved 1105920K
  class space    used 5387K, committed 5824K, reserved 1048576K
}
Event: 970.196 GC heap after
{Heap after GC invocations=765 (full 659):
 PSYoungGen      total 24576K, used 16896K [0x00000000f5580000, 0x00000000f7e80000, 0x0000000100000000)
  eden space 16896K, 100% used [0x00000000f5580000,0x00000000f6600000,0x00000000f6600000)
  from space 7680K, 0% used [0x00000000f6600000,0x00000000f6600000,0x00000000f6d80000)
  to   space 11264K, 0% used [0x00000000f7380000,0x00000000f7380000,0x00000000f7e80000)
 ParOldGen       total 349696K, used 349695K [0x00000000e0000000, 0x00000000f5580000, 0x00000000f5580000)
  object space 349696K, 99% used [0x00000000e0000000,0x00000000f557fcf8,0x00000000f5580000)
 Metaspace       used 55076K, committed 56128K, reserved 1105920K
  class space    used 5387K, committed 5824K, reserved 1048576K
}
Event: 970.197 GC heap before
{Heap before GC invocations=766 (full 660):
 PSYoungGen      total 24576K, used 16896K [0x00000000f5580000, 0x00000000f7e80000, 0x0000000100000000)
  eden space 16896K, 100% used [0x00000000f5580000,0x00000000f6600000,0x00000000f6600000)
  from space 7680K, 0% used [0x00000000f6600000,0x00000000f6600000,0x00000000f6d80000)
  to   space 11264K, 0% used [0x00000000f7380000,0x00000000f7380000,0x00000000f7e80000)
 ParOldGen       total 349696K, used 349695K [0x00000000e0000000, 0x00000000f5580000, 0x00000000f5580000)
  object space 349696K, 99% used [0x00000000e0000000,0x00000000f557fff8,0x00000000f5580000)
 Metaspace       used 55076K, committed 56128K, reserved 1105920K
  class space    used 5387K, committed 5824K, reserved 1048576K
}
Event: 971.421 GC heap after
{Heap after GC invocations=766 (full 660):
 PSYoungGen      total 28160K, used 16896K [0x00000000f5580000, 0x00000000f7e80000, 0x0000000100000000)
  eden space 16896K, 100% used [0x00000000f5580000,0x00000000f6600000,0x00000000f6600000)
  from space 11264K, 0% used [0x00000000f7380000,0x00000000f7380000,0x00000000f7e80000)
  to   space 7680K, 0% used [0x00000000f6600000,0x00000000f6600000,0x00000000f6d80000)
 ParOldGen       total 349696K, used 349695K [0x00000000e0000000, 0x00000000f5580000, 0x00000000f5580000)
  object space 349696K, 99% used [0x00000000e0000000,0x00000000f557fcf8,0x00000000f5580000)
 Metaspace       used 55076K, committed 56128K, reserved 1105920K
  class space    used 5387K, committed 5824K, reserved 1048576K
}
Event: 971.422 GC heap before
{Heap before GC invocations=767 (full 661):
 PSYoungGen      total 28160K, used 16896K [0x00000000f5580000, 0x00000000f7e80000, 0x0000000100000000)
  eden space 16896K, 100% used [0x00000000f5580000,0x00000000f6600000,0x00000000f6600000)
  from space 11264K, 0% used [0x00000000f7380000,0x00000000f7380000,0x00000000f7e80000)
  to   space 7680K, 0% used [0x00000000f6600000,0x00000000f6600000,0x00000000f6d80000)
 ParOldGen       total 349696K, used 349695K [0x00000000e0000000, 0x00000000f5580000, 0x00000000f5580000)
  object space 349696K, 99% used [0x00000000e0000000,0x00000000f557fd08,0x00000000f5580000)
 Metaspace       used 55076K, committed 56128K, reserved 1105920K
  class space    used 5387K, committed 5824K, reserved 1048576K
}
Event: 972.906 GC heap after
{Heap after GC invocations=767 (full 661):
 PSYoungGen      total 24576K, used 16896K [0x00000000f5580000, 0x00000000f7e80000, 0x0000000100000000)
  eden space 16896K, 100% used [0x00000000f5580000,0x00000000f6600000,0x00000000f6600000)
  from space 7680K, 0% used [0x00000000f6600000,0x00000000f6600000,0x00000000f6d80000)
  to   space 11264K, 0% used [0x00000000f7380000,0x00000000f7380000,0x00000000f7e80000)
 ParOldGen       total 349696K, used 349695K [0x00000000e0000000, 0x00000000f5580000, 0x00000000f5580000)
  object space 349696K, 99% used [0x00000000e0000000,0x00000000f557fcf8,0x00000000f5580000)
 Metaspace       used 55076K, committed 56128K, reserved 1105920K
  class space    used 5387K, committed 5824K, reserved 1048576K
}
Event: 972.906 GC heap before
{Heap before GC invocations=768 (full 662):
 PSYoungGen      total 24576K, used 16896K [0x00000000f5580000, 0x00000000f7e80000, 0x0000000100000000)
  eden space 16896K, 100% used [0x00000000f5580000,0x00000000f6600000,0x00000000f6600000)
  from space 7680K, 0% used [0x00000000f6600000,0x00000000f6600000,0x00000000f6d80000)
  to   space 11264K, 0% used [0x00000000f7380000,0x00000000f7380000,0x00000000f7e80000)
 ParOldGen       total 349696K, used 349695K [0x00000000e0000000, 0x00000000f5580000, 0x00000000f5580000)
  object space 349696K, 99% used [0x00000000e0000000,0x00000000f557ffa0,0x00000000f5580000)
 Metaspace       used 55076K, committed 56128K, reserved 1105920K
  class space    used 5387K, committed 5824K, reserved 1048576K
}
Event: 974.221 GC heap after
{Heap after GC invocations=768 (full 662):
 PSYoungGen      total 28160K, used 16896K [0x00000000f5580000, 0x00000000f7e80000, 0x0000000100000000)
  eden space 16896K, 100% used [0x00000000f5580000,0x00000000f6600000,0x00000000f6600000)
  from space 11264K, 0% used [0x00000000f7380000,0x00000000f7380000,0x00000000f7e80000)
  to   space 7680K, 0% used [0x00000000f6600000,0x00000000f6600000,0x00000000f6d80000)
 ParOldGen       total 349696K, used 349694K [0x00000000e0000000, 0x00000000f5580000, 0x00000000f5580000)
  object space 349696K, 99% used [0x00000000e0000000,0x00000000f557fbf0,0x00000000f5580000)
 Metaspace       used 55076K, committed 56128K, reserved 1105920K
  class space    used 5387K, committed 5824K, reserved 1048576K
}
Event: 974.221 GC heap before
{Heap before GC invocations=769 (full 663):
 PSYoungGen      total 28160K, used 16896K [0x00000000f5580000, 0x00000000f7e80000, 0x0000000100000000)
  eden space 16896K, 100% used [0x00000000f5580000,0x00000000f6600000,0x00000000f6600000)
  from space 11264K, 0% used [0x00000000f7380000,0x00000000f7380000,0x00000000f7e80000)
  to   space 7680K, 0% used [0x00000000f6600000,0x00000000f6600000,0x00000000f6d80000)
 ParOldGen       total 349696K, used 349695K [0x00000000e0000000, 0x00000000f5580000, 0x00000000f5580000)
  object space 349696K, 99% used [0x00000000e0000000,0x00000000f557fe88,0x00000000f5580000)
 Metaspace       used 55076K, committed 56128K, reserved 1105920K
  class space    used 5387K, committed 5824K, reserved 1048576K
}
Event: 975.699 GC heap after
{Heap after GC invocations=769 (full 663):
 PSYoungGen      total 24576K, used 16895K [0x00000000f5580000, 0x00000000f7e80000, 0x0000000100000000)
  eden space 16896K, 99% used [0x00000000f5580000,0x00000000f65fffe0,0x00000000f6600000)
  from space 7680K, 0% used [0x00000000f6600000,0x00000000f6600000,0x00000000f6d80000)
  to   space 11264K, 0% used [0x00000000f7380000,0x00000000f7380000,0x00000000f7e80000)
 ParOldGen       total 349696K, used 349695K [0x00000000e0000000, 0x00000000f5580000, 0x00000000f5580000)
  object space 349696K, 99% used [0x00000000e0000000,0x00000000f557fc20,0x00000000f5580000)
 Metaspace       used 55076K, committed 56128K, reserved 1105920K
  class space    used 5387K, committed 5824K, reserved 1048576K
}
Event: 975.699 GC heap before
{Heap before GC invocations=770 (full 664):
 PSYoungGen      total 24576K, used 16895K [0x00000000f5580000, 0x00000000f7e80000, 0x0000000100000000)
  eden space 16896K, 99% used [0x00000000f5580000,0x00000000f65fffe0,0x00000000f6600000)
  from space 7680K, 0% used [0x00000000f6600000,0x00000000f6600000,0x00000000f6d80000)
  to   space 11264K, 0% used [0x00000000f7380000,0x00000000f7380000,0x00000000f7e80000)
 ParOldGen       total 349696K, used 349695K [0x00000000e0000000, 0x00000000f5580000, 0x00000000f5580000)
  object space 349696K, 99% used [0x00000000e0000000,0x00000000f557fc20,0x00000000f5580000)
 Metaspace       used 55076K, committed 56128K, reserved 1105920K
  class space    used 5387K, committed 5824K, reserved 1048576K
}
Event: 977.027 GC heap after
{Heap after GC invocations=770 (full 664):
 PSYoungGen      total 28160K, used 16895K [0x00000000f5580000, 0x00000000f7e80000, 0x0000000100000000)
  eden space 16896K, 99% used [0x00000000f5580000,0x00000000f65fffe0,0x00000000f6600000)
  from space 11264K, 0% used [0x00000000f7380000,0x00000000f7380000,0x00000000f7e80000)
  to   space 7680K, 0% used [0x00000000f6600000,0x00000000f6600000,0x00000000f6d80000)
 ParOldGen       total 349696K, used 349695K [0x00000000e0000000, 0x00000000f5580000, 0x00000000f5580000)
  object space 349696K, 99% used [0x00000000e0000000,0x00000000f557fc20,0x00000000f5580000)
 Metaspace       used 55076K, committed 56128K, reserved 1105920K
  class space    used 5387K, committed 5824K, reserved 1048576K
}
Event: 977.032 GC heap before
{Heap before GC invocations=771 (full 665):
 PSYoungGen      total 28160K, used 16896K [0x00000000f5580000, 0x00000000f7e80000, 0x0000000100000000)
  eden space 16896K, 100% used [0x00000000f5580000,0x00000000f6600000,0x00000000f6600000)
  from space 11264K, 0% used [0x00000000f7380000,0x00000000f7380000,0x00000000f7e80000)
  to   space 7680K, 0% used [0x00000000f6600000,0x00000000f6600000,0x00000000f6d80000)
 ParOldGen       total 349696K, used 349695K [0x00000000e0000000, 0x00000000f5580000, 0x00000000f5580000)
  object space 349696K, 99% used [0x00000000e0000000,0x00000000f557fc20,0x00000000f5580000)
 Metaspace       used 55076K, committed 56128K, reserved 1105920K
  class space    used 5387K, committed 5824K, reserved 1048576K
}
Event: 978.504 GC heap after
{Heap after GC invocations=771 (full 665):
 PSYoungGen      total 24576K, used 16896K [0x00000000f5580000, 0x00000000f7e80000, 0x0000000100000000)
  eden space 16896K, 100% used [0x00000000f5580000,0x00000000f6600000,0x00000000f6600000)
  from space 7680K, 0% used [0x00000000f6600000,0x00000000f6600000,0x00000000f6d80000)
  to   space 11264K, 0% used [0x00000000f7380000,0x00000000f7380000,0x00000000f7e80000)
 ParOldGen       total 349696K, used 349695K [0x00000000e0000000, 0x00000000f5580000, 0x00000000f5580000)
  object space 349696K, 99% used [0x00000000e0000000,0x00000000f557fc20,0x00000000f5580000)
 Metaspace       used 55076K, committed 56128K, reserved 1105920K
  class space    used 5387K, committed 5824K, reserved 1048576K
}
Event: 978.504 GC heap before
{Heap before GC invocations=772 (full 666):
 PSYoungGen      total 24576K, used 16896K [0x00000000f5580000, 0x00000000f7e80000, 0x0000000100000000)
  eden space 16896K, 100% used [0x00000000f5580000,0x00000000f6600000,0x00000000f6600000)
  from space 7680K, 0% used [0x00000000f6600000,0x00000000f6600000,0x00000000f6d80000)
  to   space 11264K, 0% used [0x00000000f7380000,0x00000000f7380000,0x00000000f7e80000)
 ParOldGen       total 349696K, used 349695K [0x00000000e0000000, 0x00000000f5580000, 0x00000000f5580000)
  object space 349696K, 99% used [0x00000000e0000000,0x00000000f557fc20,0x00000000f5580000)
 Metaspace       used 55076K, committed 56128K, reserved 1105920K
  class space    used 5387K, committed 5824K, reserved 1048576K
}
Event: 979.817 GC heap after
{Heap after GC invocations=772 (full 666):
 PSYoungGen      total 28160K, used 16896K [0x00000000f5580000, 0x00000000f7e80000, 0x0000000100000000)
  eden space 16896K, 100% used [0x00000000f5580000,0x00000000f6600000,0x00000000f6600000)
  from space 11264K, 0% used [0x00000000f7380000,0x00000000f7380000,0x00000000f7e80000)
  to   space 7680K, 0% used [0x00000000f6600000,0x00000000f6600000,0x00000000f6d80000)
 ParOldGen       total 349696K, used 349695K [0x00000000e0000000, 0x00000000f5580000, 0x00000000f5580000)
  object space 349696K, 99% used [0x00000000e0000000,0x00000000f557fc20,0x00000000f5580000)
 Metaspace       used 55076K, committed 56128K, reserved 1105920K
  class space    used 5387K, committed 5824K, reserved 1048576K
}

